<?xml version="1.0" encoding="UTF-8"?>
<!-- Generated by org.testng.reporters.JUnitXMLReporter -->
<testsuite ignored="0" hostname="Tejasvini" failures="0" tests="3" name="Default test" time="12.427" errors="0" timestamp="2026-06-14T17:21:19 IST">
  <testcase classname="tests.LoginTest" name="testValidLogin" time="0.808"/>
  <testcase classname="tests.LoginTest" name="testValidLogin" time="0.728"/>
  <testcase classname="tests.LoginTest" name="testValidLogin" time="1.059"/>
</testsuite> <!-- Default test -->
