<?xml version="1.0" encoding="UTF-8"?>
<!-- Generated by org.testng.reporters.JUnitReportReporter -->
<testsuite hostname="Tejasvini" failures="0" tests="3" name="tests.LoginTest" time="11.159" errors="0" timestamp="2026-06-14T17:21:25 IST" skipped="0">
  <testcase classname="tests.LoginTest" name="testValidLogin" time="5.127"/>
  <testcase classname="tests.LoginTest" name="testValidLogin" time="2.927"/>
  <testcase classname="tests.LoginTest" name="testValidLogin" time="3.105"/>
</testsuite> <!-- tests.LoginTest -->
